Processing by Konacha::SpecsController#parent as HTML
  Parameters: {"grep"=>"PersistenceManager load_many"}
Completed 500 Internal Server Error in 3ms
Processing by Konacha::SpecsController#parent as HTML
  Parameters: {"grep"=>"PersistenceManager load_many"}
  Rendered /Users/kevin/.rbenv/versions/2.0.0-p353/lib/ruby/gems/2.0.0/gems/konacha-3.0.0/app/views/konacha/specs/parent.html.erb (20.2ms)
Completed 200 OK in 30ms (Views: 25.8ms)
Processing by Konacha::SpecsController#iframe as HTML
  Parameters: {"name"=>"asynchronizer_spec"}
  Rendered /Users/kevin/.rbenv/versions/2.0.0-p353/lib/ruby/gems/2.0.0/gems/konacha-3.0.0/app/views/konacha/specs/iframe.html.erb (201.5ms)
Completed 500 Internal Server Error in 205ms
Processing by Konacha::SpecsController#parent as HTML
  Rendered /Users/kevin/.rbenv/versions/2.0.0-p353/lib/ruby/gems/2.0.0/gems/konacha-3.0.0/app/views/konacha/specs/parent.html.erb (1.2ms)
Completed 200 OK in 5ms (Views: 4.1ms)
Processing by Konacha::SpecsController#iframe as HTML
  Parameters: {"name"=>"brest_loader_spec"}
  Rendered text template (0.0ms)
Completed 404 Not Found in 2ms (Views: 1.2ms)
Processing by Konacha::SpecsController#parent as HTML
  Rendered /Users/kevin/.rbenv/versions/2.0.0-p353/lib/ruby/gems/2.0.0/gems/konacha-3.0.0/app/views/konacha/specs/parent.html.erb (0.8ms)
Completed 200 OK in 3ms (Views: 2.7ms)
Processing by Konacha::SpecsController#iframe as HTML
  Parameters: {"name"=>"asynchronizer_spec"}
  Rendered /Users/kevin/.rbenv/versions/2.0.0-p353/lib/ruby/gems/2.0.0/gems/konacha-3.0.0/app/views/konacha/specs/iframe.html.erb (149.6ms)
Completed 500 Internal Server Error in 152ms
Processing by Konacha::SpecsController#parent as HTML
  Rendered /Users/kevin/.rbenv/versions/2.0.0-p353/lib/ruby/gems/2.0.0/gems/konacha-3.0.0/app/views/konacha/specs/parent.html.erb (0.8ms)
Completed 200 OK in 4ms (Views: 2.6ms)
Processing by Konacha::SpecsController#iframe as HTML
  Parameters: {"name"=>"asynchronizer_spec"}
  Rendered /Users/kevin/.rbenv/versions/2.0.0-p353/lib/ruby/gems/2.0.0/gems/konacha-3.0.0/app/views/konacha/specs/iframe.html.erb (144.8ms)
Completed 500 Internal Server Error in 147ms
Processing by Konacha::SpecsController#parent as HTML
  Rendered /Users/kevin/.rbenv/versions/2.0.0-p353/lib/ruby/gems/2.0.0/gems/konacha-3.0.0/app/views/konacha/specs/parent.html.erb (0.8ms)
Completed 200 OK in 4ms (Views: 2.6ms)
Processing by Konacha::SpecsController#iframe as HTML
  Parameters: {"name"=>"asynchronizer_spec"}
  Rendered /Users/kevin/.rbenv/versions/2.0.0-p353/lib/ruby/gems/2.0.0/gems/konacha-3.0.0/app/views/konacha/specs/iframe.html.erb (153.1ms)
Completed 500 Internal Server Error in 156ms
Processing by Konacha::SpecsController#parent as HTML
  Rendered /Users/kevin/.rbenv/versions/2.0.0-p353/lib/ruby/gems/2.0.0/gems/konacha-3.0.0/app/views/konacha/specs/parent.html.erb (1.0ms)
Completed 200 OK in 4ms (Views: 3.3ms)
Processing by Konacha::SpecsController#iframe as HTML
  Parameters: {"name"=>"asynchronizer_spec"}
  Rendered /Users/kevin/.rbenv/versions/2.0.0-p353/lib/ruby/gems/2.0.0/gems/konacha-3.0.0/app/views/konacha/specs/iframe.html.erb (476.9ms)
Completed 200 OK in 480ms (Views: 478.9ms)
Processing by Konacha::SpecsController#parent as HTML
  Rendered /Users/kevin/.rbenv/versions/2.0.0-p353/lib/ruby/gems/2.0.0/gems/konacha-3.0.0/app/views/konacha/specs/parent.html.erb (0.9ms)
Completed 200 OK in 4ms (Views: 3.1ms)
Processing by Konacha::SpecsController#iframe as HTML
  Parameters: {"name"=>"asynchronizer_spec"}
  Rendered /Users/kevin/.rbenv/versions/2.0.0-p353/lib/ruby/gems/2.0.0/gems/konacha-3.0.0/app/views/konacha/specs/iframe.html.erb (459.1ms)
Completed 200 OK in 462ms (Views: 460.7ms)
Processing by Konacha::SpecsController#parent as HTML
  Rendered /Users/kevin/.rbenv/versions/2.0.0-p353/lib/ruby/gems/2.0.0/gems/konacha-3.0.0/app/views/konacha/specs/parent.html.erb (2.3ms)
Completed 200 OK in 9ms (Views: 6.6ms)
Processing by Konacha::SpecsController#iframe as HTML
  Parameters: {"name"=>"asynchronizer_spec"}
  Rendered /Users/kevin/.rbenv/versions/2.0.0-p353/lib/ruby/gems/2.0.0/gems/konacha-3.0.0/app/views/konacha/specs/iframe.html.erb (1.6ms)
Completed 200 OK in 5ms (Views: 4.0ms)
Processing by Konacha::SpecsController#parent as HTML
  Rendered /Users/kevin/.rbenv/versions/2.0.0-p353/lib/ruby/gems/2.0.0/gems/konacha-3.0.0/app/views/konacha/specs/parent.html.erb (0.7ms)
Completed 200 OK in 4ms (Views: 2.8ms)
Processing by Konacha::SpecsController#iframe as HTML
  Parameters: {"name"=>"asynchronizer_spec"}
  Rendered /Users/kevin/.rbenv/versions/2.0.0-p353/lib/ruby/gems/2.0.0/gems/konacha-3.0.0/app/views/konacha/specs/iframe.html.erb (376.2ms)
Completed 200 OK in 378ms (Views: 377.8ms)
Processing by Konacha::SpecsController#parent as HTML
  Rendered /Users/kevin/.rbenv/versions/2.0.0-p353/lib/ruby/gems/2.0.0/gems/konacha-3.0.0/app/views/konacha/specs/parent.html.erb (0.7ms)
Completed 200 OK in 4ms (Views: 2.9ms)
Processing by Konacha::SpecsController#iframe as HTML
  Parameters: {"name"=>"asynchronizer_spec"}
  Rendered /Users/kevin/.rbenv/versions/2.0.0-p353/lib/ruby/gems/2.0.0/gems/konacha-3.0.0/app/views/konacha/specs/iframe.html.erb (2.0ms)
Completed 200 OK in 4ms (Views: 3.7ms)
Processing by Konacha::SpecsController#parent as HTML
  Rendered /Users/kevin/.rbenv/versions/2.0.0-p353/lib/ruby/gems/2.0.0/gems/konacha-3.0.0/app/views/konacha/specs/parent.html.erb (1.0ms)
Completed 200 OK in 5ms (Views: 3.8ms)
Processing by Konacha::SpecsController#iframe as HTML
  Parameters: {"name"=>"asynchronizer_spec"}
  Rendered /Users/kevin/.rbenv/versions/2.0.0-p353/lib/ruby/gems/2.0.0/gems/konacha-3.0.0/app/views/konacha/specs/iframe.html.erb (2.0ms)
Completed 200 OK in 5ms (Views: 3.8ms)
Processing by Konacha::SpecsController#parent as HTML
  Rendered /Users/kevin/.rbenv/versions/2.0.0-p353/lib/ruby/gems/2.0.0/gems/konacha-3.0.0/app/views/konacha/specs/parent.html.erb (0.7ms)
Completed 200 OK in 4ms (Views: 2.8ms)
Processing by Konacha::SpecsController#iframe as HTML
  Parameters: {"name"=>"asynchronizer_spec"}
  Rendered /Users/kevin/.rbenv/versions/2.0.0-p353/lib/ruby/gems/2.0.0/gems/konacha-3.0.0/app/views/konacha/specs/iframe.html.erb (1.9ms)
Completed 200 OK in 4ms (Views: 3.5ms)
Processing by Konacha::SpecsController#parent as HTML
  Rendered /Users/kevin/.rbenv/versions/2.0.0-p353/lib/ruby/gems/2.0.0/gems/konacha-3.0.0/app/views/konacha/specs/parent.html.erb (0.6ms)
Completed 200 OK in 3ms (Views: 2.4ms)
Processing by Konacha::SpecsController#iframe as HTML
  Parameters: {"name"=>"asynchronizer_spec"}
  Rendered /Users/kevin/.rbenv/versions/2.0.0-p353/lib/ruby/gems/2.0.0/gems/konacha-3.0.0/app/views/konacha/specs/iframe.html.erb (1.8ms)
Completed 200 OK in 4ms (Views: 3.4ms)
Processing by Konacha::SpecsController#parent as HTML
  Rendered /Users/kevin/.rbenv/versions/2.0.0-p353/lib/ruby/gems/2.0.0/gems/konacha-3.0.0/app/views/konacha/specs/parent.html.erb (0.6ms)
Completed 200 OK in 3ms (Views: 2.2ms)
Processing by Konacha::SpecsController#iframe as HTML
  Parameters: {"name"=>"asynchronizer_spec"}
  Rendered /Users/kevin/.rbenv/versions/2.0.0-p353/lib/ruby/gems/2.0.0/gems/konacha-3.0.0/app/views/konacha/specs/iframe.html.erb (1.9ms)
Completed 200 OK in 4ms (Views: 3.6ms)
Processing by Konacha::SpecsController#parent as HTML
  Rendered /Users/kevin/.rbenv/versions/2.0.0-p353/lib/ruby/gems/2.0.0/gems/konacha-3.0.0/app/views/konacha/specs/parent.html.erb (0.5ms)
Completed 200 OK in 3ms (Views: 2.1ms)
Processing by Konacha::SpecsController#iframe as HTML
  Parameters: {"name"=>"asynchronizer_spec"}
  Rendered /Users/kevin/.rbenv/versions/2.0.0-p353/lib/ruby/gems/2.0.0/gems/konacha-3.0.0/app/views/konacha/specs/iframe.html.erb (2.8ms)
Completed 200 OK in 6ms (Views: 5.3ms)
Processing by Konacha::SpecsController#parent as HTML
  Rendered /Users/kevin/.rbenv/versions/2.0.0-p353/lib/ruby/gems/2.0.0/gems/konacha-3.0.0/app/views/konacha/specs/parent.html.erb (0.5ms)
Completed 200 OK in 3ms (Views: 2.0ms)
Processing by Konacha::SpecsController#iframe as HTML
  Parameters: {"name"=>"asynchronizer_spec"}
  Rendered /Users/kevin/.rbenv/versions/2.0.0-p353/lib/ruby/gems/2.0.0/gems/konacha-3.0.0/app/views/konacha/specs/iframe.html.erb (200.6ms)
Completed 200 OK in 203ms (Views: 202.3ms)
Processing by Konacha::SpecsController#parent as HTML
  Rendered /Users/kevin/.rbenv/versions/2.0.0-p353/lib/ruby/gems/2.0.0/gems/konacha-3.0.0/app/views/konacha/specs/parent.html.erb (0.7ms)
Completed 200 OK in 4ms (Views: 2.7ms)
Processing by Konacha::SpecsController#iframe as HTML
  Parameters: {"name"=>"asynchronizer_spec"}
  Rendered /Users/kevin/.rbenv/versions/2.0.0-p353/lib/ruby/gems/2.0.0/gems/konacha-3.0.0/app/views/konacha/specs/iframe.html.erb (149.7ms)
Completed 200 OK in 152ms (Views: 151.5ms)
Processing by Konacha::SpecsController#parent as HTML
  Rendered /Users/kevin/.rbenv/versions/2.0.0-p353/lib/ruby/gems/2.0.0/gems/konacha-3.0.0/app/views/konacha/specs/parent.html.erb (0.6ms)
Completed 200 OK in 4ms (Views: 2.6ms)
Processing by Konacha::SpecsController#iframe as HTML
  Parameters: {"name"=>"asynchronizer_spec"}
  Rendered /Users/kevin/.rbenv/versions/2.0.0-p353/lib/ruby/gems/2.0.0/gems/konacha-3.0.0/app/views/konacha/specs/iframe.html.erb (141.1ms)
Completed 500 Internal Server Error in 144ms
Processing by Konacha::SpecsController#parent as HTML
  Rendered /Users/kevin/.rbenv/versions/2.0.0-p353/lib/ruby/gems/2.0.0/gems/konacha-3.0.0/app/views/konacha/specs/parent.html.erb (0.7ms)
Completed 200 OK in 3ms (Views: 2.4ms)
Processing by Konacha::SpecsController#iframe as HTML
  Parameters: {"name"=>"asynchronizer_spec"}
  Rendered /Users/kevin/.rbenv/versions/2.0.0-p353/lib/ruby/gems/2.0.0/gems/konacha-3.0.0/app/views/konacha/specs/iframe.html.erb (158.0ms)
Completed 200 OK in 161ms (Views: 159.8ms)
Processing by Konacha::SpecsController#parent as HTML
  Rendered /Users/kevin/.rbenv/versions/2.0.0-p353/lib/ruby/gems/2.0.0/gems/konacha-3.0.0/app/views/konacha/specs/parent.html.erb (0.6ms)
Completed 200 OK in 3ms (Views: 2.2ms)
Processing by Konacha::SpecsController#iframe as HTML
  Parameters: {"name"=>"asynchronizer_spec"}
  Rendered /Users/kevin/.rbenv/versions/2.0.0-p353/lib/ruby/gems/2.0.0/gems/konacha-3.0.0/app/views/konacha/specs/iframe.html.erb (2.3ms)
Completed 200 OK in 5ms (Views: 4.2ms)
Processing by Konacha::SpecsController#parent as HTML
  Rendered /Users/kevin/.rbenv/versions/2.0.0-p353/lib/ruby/gems/2.0.0/gems/konacha-3.0.0/app/views/konacha/specs/parent.html.erb (0.7ms)
Completed 200 OK in 4ms (Views: 2.8ms)
Processing by Konacha::SpecsController#iframe as HTML
  Parameters: {"name"=>"asynchronizer_spec"}
  Rendered /Users/kevin/.rbenv/versions/2.0.0-p353/lib/ruby/gems/2.0.0/gems/konacha-3.0.0/app/views/konacha/specs/iframe.html.erb (301.3ms)
Completed 200 OK in 304ms (Views: 303.0ms)
Processing by Konacha::SpecsController#parent as HTML
  Rendered /Users/kevin/.rbenv/versions/2.0.0-p353/lib/ruby/gems/2.0.0/gems/konacha-3.0.0/app/views/konacha/specs/parent.html.erb (0.6ms)
Completed 200 OK in 3ms (Views: 2.2ms)
Processing by Konacha::SpecsController#iframe as HTML
  Parameters: {"name"=>"asynchronizer_spec"}
  Rendered /Users/kevin/.rbenv/versions/2.0.0-p353/lib/ruby/gems/2.0.0/gems/konacha-3.0.0/app/views/konacha/specs/iframe.html.erb (283.7ms)
Completed 200 OK in 287ms (Views: 285.6ms)
Processing by Konacha::SpecsController#parent as HTML
  Rendered /Users/kevin/.rbenv/versions/2.0.0-p353/lib/ruby/gems/2.0.0/gems/konacha-3.0.0/app/views/konacha/specs/parent.html.erb (0.6ms)
Completed 200 OK in 4ms (Views: 2.7ms)
Processing by Konacha::SpecsController#iframe as HTML
  Parameters: {"name"=>"asynchronizer_spec"}
  Rendered /Users/kevin/.rbenv/versions/2.0.0-p353/lib/ruby/gems/2.0.0/gems/konacha-3.0.0/app/views/konacha/specs/iframe.html.erb (356.1ms)
Completed 200 OK in 358ms (Views: 357.7ms)
Processing by Konacha::SpecsController#parent as HTML
  Rendered /Users/kevin/.rbenv/versions/2.0.0-p353/lib/ruby/gems/2.0.0/gems/konacha-3.0.0/app/views/konacha/specs/parent.html.erb (0.6ms)
Completed 200 OK in 4ms (Views: 2.6ms)
Processing by Konacha::SpecsController#iframe as HTML
  Parameters: {"name"=>"asynchronizer_spec"}
  Rendered /Users/kevin/.rbenv/versions/2.0.0-p353/lib/ruby/gems/2.0.0/gems/konacha-3.0.0/app/views/konacha/specs/iframe.html.erb (1.8ms)
Completed 200 OK in 4ms (Views: 3.5ms)
Processing by Konacha::SpecsController#parent as HTML
  Rendered /Users/kevin/.rbenv/versions/2.0.0-p353/lib/ruby/gems/2.0.0/gems/konacha-3.0.0/app/views/konacha/specs/parent.html.erb (0.7ms)
Completed 200 OK in 4ms (Views: 2.8ms)
Processing by Konacha::SpecsController#iframe as HTML
  Parameters: {"name"=>"asynchronizer_spec"}
  Rendered /Users/kevin/.rbenv/versions/2.0.0-p353/lib/ruby/gems/2.0.0/gems/konacha-3.0.0/app/views/konacha/specs/iframe.html.erb (2.0ms)
Completed 200 OK in 4ms (Views: 3.6ms)
Processing by Konacha::SpecsController#parent as HTML
  Rendered /Users/kevin/.rbenv/versions/2.0.0-p353/lib/ruby/gems/2.0.0/gems/konacha-3.0.0/app/views/konacha/specs/parent.html.erb (0.7ms)
Completed 200 OK in 4ms (Views: 2.7ms)
Processing by Konacha::SpecsController#iframe as HTML
  Parameters: {"name"=>"asynchronizer_spec"}
  Rendered /Users/kevin/.rbenv/versions/2.0.0-p353/lib/ruby/gems/2.0.0/gems/konacha-3.0.0/app/views/konacha/specs/iframe.html.erb (191.5ms)
Completed 200 OK in 194ms (Views: 193.2ms)
Processing by Konacha::SpecsController#parent as HTML
  Rendered /Users/kevin/.rbenv/versions/2.0.0-p353/lib/ruby/gems/2.0.0/gems/konacha-3.0.0/app/views/konacha/specs/parent.html.erb (0.7ms)
Completed 200 OK in 4ms (Views: 2.8ms)
Processing by Konacha::SpecsController#iframe as HTML
  Parameters: {"name"=>"asynchronizer_spec"}
  Rendered /Users/kevin/.rbenv/versions/2.0.0-p353/lib/ruby/gems/2.0.0/gems/konacha-3.0.0/app/views/konacha/specs/iframe.html.erb (343.8ms)
Completed 200 OK in 346ms (Views: 345.5ms)
Processing by Konacha::SpecsController#iframe as HTML
  Parameters: {"name"=>"asynchronizer_spec"}
  Rendered /Users/kevin/.rbenv/versions/2.0.0-p353/lib/ruby/gems/2.0.0/gems/konacha-3.0.0/app/views/konacha/specs/iframe.html.erb (3.0ms)
Completed 200 OK in 7ms (Views: 6.0ms)
Processing by Konacha::SpecsController#iframe as HTML
  Parameters: {"name"=>"asynchronizer_spec"}
  Rendered /Users/kevin/.rbenv/versions/2.0.0-p353/lib/ruby/gems/2.0.0/gems/konacha-3.0.0/app/views/konacha/specs/iframe.html.erb (1.9ms)
Completed 200 OK in 5ms (Views: 3.7ms)
Processing by Konacha::SpecsController#parent as HTML
  Rendered /Users/kevin/.rbenv/versions/2.0.0-p353/lib/ruby/gems/2.0.0/gems/konacha-3.0.0/app/views/konacha/specs/parent.html.erb (0.7ms)
Completed 200 OK in 4ms (Views: 2.8ms)
Processing by Konacha::SpecsController#iframe as HTML
  Parameters: {"name"=>"asynchronizer_spec"}
  Rendered /Users/kevin/.rbenv/versions/2.0.0-p353/lib/ruby/gems/2.0.0/gems/konacha-3.0.0/app/views/konacha/specs/iframe.html.erb (2.0ms)
Completed 200 OK in 5ms (Views: 3.8ms)
Processing by Konacha::SpecsController#parent as HTML
  Rendered /Users/kevin/.rbenv/versions/2.0.0-p353/lib/ruby/gems/2.0.0/gems/konacha-3.0.0/app/views/konacha/specs/parent.html.erb (0.8ms)
Completed 200 OK in 4ms (Views: 3.1ms)
Processing by Konacha::SpecsController#iframe as HTML
  Parameters: {"name"=>"asynchronizer_spec"}
  Rendered /Users/kevin/.rbenv/versions/2.0.0-p353/lib/ruby/gems/2.0.0/gems/konacha-3.0.0/app/views/konacha/specs/iframe.html.erb (1.6ms)
Completed 200 OK in 4ms (Views: 3.2ms)
Processing by Konacha::SpecsController#parent as HTML
  Rendered /Users/kevin/.rbenv/versions/2.0.0-p353/lib/ruby/gems/2.0.0/gems/konacha-3.0.0/app/views/konacha/specs/parent.html.erb (0.7ms)
Completed 200 OK in 4ms (Views: 2.8ms)
Processing by Konacha::SpecsController#iframe as HTML
  Parameters: {"name"=>"asynchronizer_spec"}
  Rendered /Users/kevin/.rbenv/versions/2.0.0-p353/lib/ruby/gems/2.0.0/gems/konacha-3.0.0/app/views/konacha/specs/iframe.html.erb (1.7ms)
Completed 200 OK in 4ms (Views: 3.3ms)
Processing by Konacha::SpecsController#parent as HTML
  Rendered /Users/kevin/.rbenv/versions/2.0.0-p353/lib/ruby/gems/2.0.0/gems/konacha-3.0.0/app/views/konacha/specs/parent.html.erb (0.6ms)
Completed 200 OK in 3ms (Views: 2.6ms)
Processing by Konacha::SpecsController#iframe as HTML
  Parameters: {"name"=>"asynchronizer_spec"}
  Rendered /Users/kevin/.rbenv/versions/2.0.0-p353/lib/ruby/gems/2.0.0/gems/konacha-3.0.0/app/views/konacha/specs/iframe.html.erb (146.9ms)
Completed 200 OK in 150ms (Views: 148.9ms)
Processing by Konacha::SpecsController#parent as HTML
  Rendered /Users/kevin/.rbenv/versions/2.0.0-p353/lib/ruby/gems/2.0.0/gems/konacha-3.0.0/app/views/konacha/specs/parent.html.erb (0.9ms)
Completed 200 OK in 4ms (Views: 2.7ms)
Processing by Konacha::SpecsController#iframe as HTML
  Parameters: {"name"=>"asynchronizer_spec"}
  Rendered /Users/kevin/.rbenv/versions/2.0.0-p353/lib/ruby/gems/2.0.0/gems/konacha-3.0.0/app/views/konacha/specs/iframe.html.erb (2.5ms)
Completed 200 OK in 6ms (Views: 4.9ms)
Processing by Konacha::SpecsController#parent as HTML
  Rendered /Users/kevin/.rbenv/versions/2.0.0-p353/lib/ruby/gems/2.0.0/gems/konacha-3.0.0/app/views/konacha/specs/parent.html.erb (0.9ms)
Completed 200 OK in 4ms (Views: 2.7ms)
Processing by Konacha::SpecsController#iframe as HTML
  Parameters: {"name"=>"asynchronizer_spec"}
  Rendered /Users/kevin/.rbenv/versions/2.0.0-p353/lib/ruby/gems/2.0.0/gems/konacha-3.0.0/app/views/konacha/specs/iframe.html.erb (149.8ms)
Completed 200 OK in 153ms (Views: 152.0ms)
Processing by Konacha::SpecsController#parent as HTML
  Rendered /Users/kevin/.rbenv/versions/2.0.0-p353/lib/ruby/gems/2.0.0/gems/konacha-3.0.0/app/views/konacha/specs/parent.html.erb (0.8ms)
Completed 200 OK in 4ms (Views: 2.7ms)
Processing by Konacha::SpecsController#iframe as HTML
  Parameters: {"name"=>"asynchronizer_spec"}
  Rendered /Users/kevin/.rbenv/versions/2.0.0-p353/lib/ruby/gems/2.0.0/gems/konacha-3.0.0/app/views/konacha/specs/iframe.html.erb (2.3ms)
Completed 200 OK in 5ms (Views: 4.1ms)
Processing by Konacha::SpecsController#parent as HTML
  Rendered /Users/kevin/.rbenv/versions/2.0.0-p353/lib/ruby/gems/2.0.0/gems/konacha-3.0.0/app/views/konacha/specs/parent.html.erb (0.7ms)
Completed 200 OK in 4ms (Views: 2.8ms)
Processing by Konacha::SpecsController#iframe as HTML
  Parameters: {"name"=>"asynchronizer_spec"}
  Rendered /Users/kevin/.rbenv/versions/2.0.0-p353/lib/ruby/gems/2.0.0/gems/konacha-3.0.0/app/views/konacha/specs/iframe.html.erb (224.2ms)
Completed 200 OK in 227ms (Views: 226.2ms)
Processing by Konacha::SpecsController#parent as HTML
  Rendered /Users/kevin/.rbenv/versions/2.0.0-p353/lib/ruby/gems/2.0.0/gems/konacha-3.0.0/app/views/konacha/specs/parent.html.erb (0.8ms)
Completed 200 OK in 4ms (Views: 2.9ms)
Processing by Konacha::SpecsController#iframe as HTML
  Parameters: {"name"=>"asynchronizer_spec"}
  Rendered /Users/kevin/.rbenv/versions/2.0.0-p353/lib/ruby/gems/2.0.0/gems/konacha-3.0.0/app/views/konacha/specs/iframe.html.erb (458.3ms)
Completed 200 OK in 461ms (Views: 459.9ms)
Processing by Konacha::SpecsController#parent as HTML
  Rendered /Users/kevin/.rbenv/versions/2.0.0-p353/lib/ruby/gems/2.0.0/gems/konacha-3.0.0/app/views/konacha/specs/parent.html.erb (0.9ms)
Completed 200 OK in 6ms (Views: 4.3ms)
Processing by Konacha::SpecsController#iframe as HTML
  Parameters: {"name"=>"asynchronizer_spec"}
  Rendered /Users/kevin/.rbenv/versions/2.0.0-p353/lib/ruby/gems/2.0.0/gems/konacha-3.0.0/app/views/konacha/specs/iframe.html.erb (179.8ms)
Completed 200 OK in 182ms (Views: 181.5ms)
Processing by Konacha::SpecsController#parent as HTML
  Rendered /Users/kevin/.rbenv/versions/2.0.0-p353/lib/ruby/gems/2.0.0/gems/konacha-3.0.0/app/views/konacha/specs/parent.html.erb (0.6ms)
Completed 200 OK in 3ms (Views: 2.3ms)
Processing by Konacha::SpecsController#iframe as HTML
  Parameters: {"name"=>"asynchronizer_spec"}
  Rendered /Users/kevin/.rbenv/versions/2.0.0-p353/lib/ruby/gems/2.0.0/gems/konacha-3.0.0/app/views/konacha/specs/iframe.html.erb (151.1ms)
Completed 200 OK in 154ms (Views: 152.8ms)
Processing by Konacha::SpecsController#parent as HTML
  Rendered /Users/kevin/.rbenv/versions/2.0.0-p353/lib/ruby/gems/2.0.0/gems/konacha-3.0.0/app/views/konacha/specs/parent.html.erb (0.8ms)
Completed 200 OK in 4ms (Views: 3.1ms)
Processing by Konacha::SpecsController#iframe as HTML
  Parameters: {"name"=>"asynchronizer_spec"}
  Rendered /Users/kevin/.rbenv/versions/2.0.0-p353/lib/ruby/gems/2.0.0/gems/konacha-3.0.0/app/views/konacha/specs/iframe.html.erb (145.5ms)
Completed 200 OK in 148ms (Views: 147.1ms)
Processing by Konacha::SpecsController#parent as HTML
  Rendered /Users/kevin/.rbenv/versions/2.0.0-p353/lib/ruby/gems/2.0.0/gems/konacha-3.0.0/app/views/konacha/specs/parent.html.erb (0.8ms)
Completed 200 OK in 4ms (Views: 2.9ms)
Processing by Konacha::SpecsController#iframe as HTML
  Parameters: {"name"=>"asynchronizer_spec"}
  Rendered /Users/kevin/.rbenv/versions/2.0.0-p353/lib/ruby/gems/2.0.0/gems/konacha-3.0.0/app/views/konacha/specs/iframe.html.erb (465.8ms)
Completed 200 OK in 468ms (Views: 467.4ms)
Processing by Konacha::SpecsController#parent as HTML
  Rendered /Users/kevin/.rbenv/versions/2.0.0-p353/lib/ruby/gems/2.0.0/gems/konacha-3.0.0/app/views/konacha/specs/parent.html.erb (0.6ms)
Completed 200 OK in 3ms (Views: 2.1ms)
Processing by Konacha::SpecsController#iframe as HTML
  Parameters: {"name"=>"asynchronizer_spec"}
  Rendered /Users/kevin/.rbenv/versions/2.0.0-p353/lib/ruby/gems/2.0.0/gems/konacha-3.0.0/app/views/konacha/specs/iframe.html.erb (2.8ms)
Completed 200 OK in 6ms (Views: 5.2ms)
Processing by Konacha::SpecsController#parent as HTML
  Rendered /Users/kevin/.rbenv/versions/2.0.0-p353/lib/ruby/gems/2.0.0/gems/konacha-3.0.0/app/views/konacha/specs/parent.html.erb (0.6ms)
Completed 200 OK in 3ms (Views: 2.6ms)
Processing by Konacha::SpecsController#iframe as HTML
  Parameters: {"name"=>"asynchronizer_spec"}
  Rendered /Users/kevin/.rbenv/versions/2.0.0-p353/lib/ruby/gems/2.0.0/gems/konacha-3.0.0/app/views/konacha/specs/iframe.html.erb (161.8ms)
Completed 200 OK in 164ms (Views: 163.7ms)
Processing by Konacha::SpecsController#parent as HTML
  Rendered /Users/kevin/.rbenv/versions/2.0.0-p353/lib/ruby/gems/2.0.0/gems/konacha-3.0.0/app/views/konacha/specs/parent.html.erb (0.7ms)
Completed 200 OK in 3ms (Views: 2.5ms)
Processing by Konacha::SpecsController#iframe as HTML
  Parameters: {"name"=>"asynchronizer_spec"}
  Rendered /Users/kevin/.rbenv/versions/2.0.0-p353/lib/ruby/gems/2.0.0/gems/konacha-3.0.0/app/views/konacha/specs/iframe.html.erb (1.9ms)
Completed 200 OK in 4ms (Views: 3.5ms)
Processing by Konacha::SpecsController#parent as HTML
  Rendered /Users/kevin/.rbenv/versions/2.0.0-p353/lib/ruby/gems/2.0.0/gems/konacha-3.0.0/app/views/konacha/specs/parent.html.erb (0.7ms)
Completed 200 OK in 4ms (Views: 2.7ms)
Processing by Konacha::SpecsController#iframe as HTML
  Parameters: {"name"=>"asynchronizer_spec"}
  Rendered /Users/kevin/.rbenv/versions/2.0.0-p353/lib/ruby/gems/2.0.0/gems/konacha-3.0.0/app/views/konacha/specs/iframe.html.erb (5.1ms)
Completed 200 OK in 7ms (Views: 6.7ms)
Processing by Konacha::SpecsController#parent as HTML
  Parameters: {"path"=>"stylesheets/application.css"}
  Rendered text template (0.0ms)
Completed 404 Not Found in 1ms (Views: 0.4ms)
Processing by Konacha::SpecsController#parent as HTML
  Rendered /Users/kevin/.rbenv/versions/2.0.0-p353/lib/ruby/gems/2.0.0/gems/konacha-3.0.0/app/views/konacha/specs/parent.html.erb (0.8ms)
Completed 200 OK in 3ms (Views: 2.7ms)
Processing by Konacha::SpecsController#iframe as HTML
  Parameters: {"name"=>"asynchronizer_spec"}
  Rendered /Users/kevin/.rbenv/versions/2.0.0-p353/lib/ruby/gems/2.0.0/gems/konacha-3.0.0/app/views/konacha/specs/iframe.html.erb (5.7ms)
Completed 200 OK in 9ms (Views: 7.8ms)
Processing by Konacha::SpecsController#parent as HTML
  Parameters: {"path"=>"stylesheets/application.css"}
  Rendered text template (0.0ms)
Completed 404 Not Found in 1ms (Views: 0.5ms)
Processing by Konacha::SpecsController#parent as HTML
  Rendered /Users/kevin/.rbenv/versions/2.0.0-p353/lib/ruby/gems/2.0.0/gems/konacha-3.0.0/app/views/konacha/specs/parent.html.erb (0.6ms)
Completed 200 OK in 3ms (Views: 2.5ms)
Processing by Konacha::SpecsController#iframe as HTML
  Parameters: {"name"=>"asynchronizer_spec"}
  Rendered /Users/kevin/.rbenv/versions/2.0.0-p353/lib/ruby/gems/2.0.0/gems/konacha-3.0.0/app/views/konacha/specs/iframe.html.erb (5.2ms)
Completed 200 OK in 8ms (Views: 6.8ms)
Processing by Konacha::SpecsController#parent as HTML
  Parameters: {"path"=>"stylesheets/application.css"}
  Rendered text template (0.0ms)
Completed 404 Not Found in 1ms (Views: 0.3ms)
Processing by Konacha::SpecsController#parent as HTML
  Rendered /Users/kevin/.rbenv/versions/2.0.0-p353/lib/ruby/gems/2.0.0/gems/konacha-3.0.0/app/views/konacha/specs/parent.html.erb (40.9ms)
Completed 200 OK in 51ms (Views: 47.1ms)
Processing by Konacha::SpecsController#iframe as HTML
  Parameters: {"name"=>"asynchronizer_spec"}
  Rendered /Users/kevin/.rbenv/versions/2.0.0-p353/lib/ruby/gems/2.0.0/gems/konacha-3.0.0/app/views/konacha/specs/iframe.html.erb (61.1ms)
Completed 200 OK in 65ms (Views: 64.1ms)
Processing by Konacha::SpecsController#parent as HTML
  Parameters: {"path"=>"stylesheets/application.css"}
  Rendered text template (0.1ms)
Completed 404 Not Found in 7ms (Views: 6.1ms)
Processing by Konacha::SpecsController#parent as HTML
  Rendered /Users/kevin/.rbenv/versions/2.0.0-p353/lib/ruby/gems/2.0.0/gems/konacha-3.0.0/app/views/konacha/specs/parent.html.erb (0.7ms)
Completed 200 OK in 3ms (Views: 2.6ms)
Processing by Konacha::SpecsController#iframe as HTML
  Parameters: {"name"=>"asynchronizer_spec"}
  Rendered /Users/kevin/.rbenv/versions/2.0.0-p353/lib/ruby/gems/2.0.0/gems/konacha-3.0.0/app/views/konacha/specs/iframe.html.erb (38.6ms)
Completed 200 OK in 43ms (Views: 41.4ms)
Processing by Konacha::SpecsController#parent as HTML
  Parameters: {"path"=>"stylesheets/application.css"}
  Rendered text template (0.0ms)
Completed 404 Not Found in 1ms (Views: 0.4ms)
